app/build/intermediates/manifest_merge_blame_file/debug/manifest-merger-blame-debug-report.txt
1<?xml version="1.0" encoding="utf-8"?>
2<manifest xmlns:android="http://schemas.android.com/apk/res/android"
3    package="com.lectures.finalproject"
4    android:versionCode="1"
5    android:versionName="1.0" >
6
7    <uses-sdk
8        android:minSdkVersion="23"
8-->src\main\AndroidManifest.xml
9        android:targetSdkVersion="32" />
9-->src\main\AndroidManifest.xml
10
11    <uses-permission android:name="android.permission.INTERNET" />
11-->src\main\AndroidManifest.xml:6:5-67
11-->src\main\AndroidManifest.xml:6:22-64
12    <uses-permission android:name="android.permission.ACCESS_NETWORK_STATE" />
12-->[com.google.firebase:firebase-auth:21.1.0] AndroidManifest.xml:24:5-79
12-->[com.google.firebase:firebase-auth:21.1.0] AndroidManifest.xml:24:22-76
13    <uses-permission android:name="android.permission.WAKE_LOCK" />
13-->[com.google.android.gms:play-services-measurement-api:21.2.0] AndroidManifest.xml:24:5-68
13-->[com.google.android.gms:play-services-measurement-api:21.2.0] AndroidManifest.xml:24:22-65
14    <uses-permission android:name="com.google.android.gms.permission.AD_ID" />
14-->[com.google.android.gms:play-services-measurement-api:21.2.0] AndroidManifest.xml:25:5-79
14-->[com.google.android.gms:play-services-measurement-api:21.2.0] AndroidManifest.xml:25:22-76
15    <uses-permission android:name="com.google.android.finsky.permission.BIND_GET_INSTALL_REFERRER_SERVICE" />
15-->[com.google.android.gms:play-services-measurement:21.2.0] AndroidManifest.xml:26:5-110
15-->[com.google.android.gms:play-services-measurement:21.2.0] AndroidManifest.xml:26:22-107
16
17    <application
17-->src\main\AndroidManifest.xml:8:5-40:19
18        android:allowBackup="true"
18-->src\main\AndroidManifest.xml:9:9-35
19        android:appComponentFactory="androidx.core.app.CoreComponentFactory"
19-->[androidx.core:core:1.8.0] AndroidManifest.xml:24:18-86
20        android:dataExtractionRules="@xml/data_extraction_rules"
20-->src\main\AndroidManifest.xml:10:9-65
21        android:debuggable="true"
22        android:extractNativeLibs="false"
23        android:fullBackupContent="@xml/backup_rules"
23-->src\main\AndroidManifest.xml:11:9-54
24        android:icon="@mipmap/ic_launcher"
24-->src\main\AndroidManifest.xml:12:9-43
25        android:label="@string/app_name"
25-->src\main\AndroidManifest.xml:13:9-41
26        android:roundIcon="@mipmap/ic_launcher_round"
26-->src\main\AndroidManifest.xml:14:9-54
27        android:supportsRtl="true"
27-->src\main\AndroidManifest.xml:15:9-35
28        android:testOnly="true"
29        android:theme="@style/Theme.FinalProject" >
29-->src\main\AndroidManifest.xml:16:9-50
30        <activity
30-->src\main\AndroidManifest.xml:18:9-22:69
31            android:name="com.lectures.finalproject.NewListActivity"
31-->src\main\AndroidManifest.xml:19:13-44
32            android:exported="false"
32-->src\main\AndroidManifest.xml:20:13-37
33            android:label="@string/title_activity_new_list"
33-->src\main\AndroidManifest.xml:21:13-60
34            android:theme="@style/Theme.FinalProject.NoActionBar" />
34-->src\main\AndroidManifest.xml:22:13-66
35        <activity
35-->src\main\AndroidManifest.xml:23:9-25:39
36            android:name="com.lectures.finalproject.controllers.login.LoginActivity"
36-->src\main\AndroidManifest.xml:24:13-60
37            android:exported="true" />
37-->src\main\AndroidManifest.xml:25:13-36
38        <activity
38-->src\main\AndroidManifest.xml:26:9-28:40
39            android:name="com.lectures.finalproject.InfoPageActivity"
39-->src\main\AndroidManifest.xml:27:13-45
40            android:exported="false" />
40-->src\main\AndroidManifest.xml:28:13-37
41        <activity
41-->src\main\AndroidManifest.xml:29:9-39:20
42            android:name="com.lectures.finalproject.MainActivity"
42-->src\main\AndroidManifest.xml:30:13-41
43            android:exported="true"
43-->src\main\AndroidManifest.xml:31:13-36
44            android:label="@string/app_name"
44-->src\main\AndroidManifest.xml:32:13-45
45            android:windowSoftInputMode="adjustPan" >
45-->src\main\AndroidManifest.xml:33:13-52
46            <intent-filter>
46-->src\main\AndroidManifest.xml:34:13-38:29
47                <action android:name="android.intent.action.MAIN" />
47-->src\main\AndroidManifest.xml:35:17-69
47-->src\main\AndroidManifest.xml:35:25-66
48
49                <category android:name="android.intent.category.LAUNCHER" />
49-->src\main\AndroidManifest.xml:37:17-77
49-->src\main\AndroidManifest.xml:37:27-74
50            </intent-filter>
51        </activity>
52        <activity
52-->[com.google.firebase:firebase-auth:21.1.0] AndroidManifest.xml:27:9-44:20
53            android:name="com.google.firebase.auth.internal.GenericIdpActivity"
53-->[com.google.firebase:firebase-auth:21.1.0] AndroidManifest.xml:28:13-80
54            android:excludeFromRecents="true"
54-->[com.google.firebase:firebase-auth:21.1.0] AndroidManifest.xml:29:13-46
55            android:exported="true"
55-->[com.google.firebase:firebase-auth:21.1.0] AndroidManifest.xml:30:13-36
56            android:launchMode="singleTask"
56-->[com.google.firebase:firebase-auth:21.1.0] AndroidManifest.xml:31:13-44
57            android:theme="@android:style/Theme.Translucent.NoTitleBar" >
57-->[com.google.firebase:firebase-auth:21.1.0] AndroidManifest.xml:32:13-72
58            <intent-filter>
58-->[com.google.firebase:firebase-auth:21.1.0] AndroidManifest.xml:33:13-43:29
59                <action android:name="android.intent.action.VIEW" />
59-->[com.google.firebase:firebase-auth:21.1.0] AndroidManifest.xml:34:17-69
59-->[com.google.firebase:firebase-auth:21.1.0] AndroidManifest.xml:34:25-66
60
61                <category android:name="android.intent.category.DEFAULT" />
61-->[com.google.firebase:firebase-auth:21.1.0] AndroidManifest.xml:36:17-76
61-->[com.google.firebase:firebase-auth:21.1.0] AndroidManifest.xml:36:27-73
62                <category android:name="android.intent.category.BROWSABLE" />
62-->[com.google.firebase:firebase-auth:21.1.0] AndroidManifest.xml:37:17-78
62-->[com.google.firebase:firebase-auth:21.1.0] AndroidManifest.xml:37:27-75
63
64                <data
64-->[com.google.firebase:firebase-auth:21.1.0] AndroidManifest.xml:39:17-42:51
65                    android:host="firebase.auth"
65-->[com.google.firebase:firebase-auth:21.1.0] AndroidManifest.xml:40:21-49
66                    android:path="/"
66-->[com.google.firebase:firebase-auth:21.1.0] AndroidManifest.xml:41:21-37
67                    android:scheme="genericidp" />
67-->[com.google.firebase:firebase-auth:21.1.0] AndroidManifest.xml:42:21-48
68            </intent-filter>
69        </activity>
70        <activity
70-->[com.google.firebase:firebase-auth:21.1.0] AndroidManifest.xml:45:9-62:20
71            android:name="com.google.firebase.auth.internal.RecaptchaActivity"
71-->[com.google.firebase:firebase-auth:21.1.0] AndroidManifest.xml:46:13-79
72            android:excludeFromRecents="true"
72-->[com.google.firebase:firebase-auth:21.1.0] AndroidManifest.xml:47:13-46
73            android:exported="true"
73-->[com.google.firebase:firebase-auth:21.1.0] AndroidManifest.xml:48:13-36
74            android:launchMode="singleTask"
74-->[com.google.firebase:firebase-auth:21.1.0] AndroidManifest.xml:49:13-44
75            android:theme="@android:style/Theme.Translucent.NoTitleBar" >
75-->[com.google.firebase:firebase-auth:21.1.0] AndroidManifest.xml:50:13-72
76            <intent-filter>
76-->[com.google.firebase:firebase-auth:21.1.0] AndroidManifest.xml:51:13-61:29
77                <action android:name="android.intent.action.VIEW" />
77-->[com.google.firebase:firebase-auth:21.1.0] AndroidManifest.xml:34:17-69
77-->[com.google.firebase:firebase-auth:21.1.0] AndroidManifest.xml:34:25-66
78
79                <category android:name="android.intent.category.DEFAULT" />
79-->[com.google.firebase:firebase-auth:21.1.0] AndroidManifest.xml:36:17-76
79-->[com.google.firebase:firebase-auth:21.1.0] AndroidManifest.xml:36:27-73
80                <category android:name="android.intent.category.BROWSABLE" />
80-->[com.google.firebase:firebase-auth:21.1.0] AndroidManifest.xml:37:17-78
80-->[com.google.firebase:firebase-auth:21.1.0] AndroidManifest.xml:37:27-75
81
82                <data
82-->[com.google.firebase:firebase-auth:21.1.0] AndroidManifest.xml:39:17-42:51
83                    android:host="firebase.auth"
83-->[com.google.firebase:firebase-auth:21.1.0] AndroidManifest.xml:40:21-49
84                    android:path="/"
84-->[com.google.firebase:firebase-auth:21.1.0] AndroidManifest.xml:41:21-37
85                    android:scheme="recaptcha" />
85-->[com.google.firebase:firebase-auth:21.1.0] AndroidManifest.xml:42:21-48
86            </intent-filter>
87        </activity>
88
89        <service
89-->[com.google.firebase:firebase-auth:21.1.0] AndroidManifest.xml:64:9-70:19
90            android:name="com.google.firebase.components.ComponentDiscoveryService"
90-->[com.google.firebase:firebase-auth:21.1.0] AndroidManifest.xml:65:13-84
91            android:directBootAware="true"
91-->[com.google.firebase:firebase-common:20.2.0] AndroidManifest.xml:34:13-43
92            android:exported="false" >
92-->[com.google.firebase:firebase-auth:21.1.0] AndroidManifest.xml:66:13-37
93            <meta-data
93-->[com.google.firebase:firebase-auth:21.1.0] AndroidManifest.xml:67:13-69:85
94                android:name="com.google.firebase.components:com.google.firebase.auth.FirebaseAuthRegistrar"
94-->[com.google.firebase:firebase-auth:21.1.0] AndroidManifest.xml:68:17-109
95                android:value="com.google.firebase.components.ComponentRegistrar" />
95-->[com.google.firebase:firebase-auth:21.1.0] AndroidManifest.xml:69:17-82
96            <meta-data
96-->[com.google.firebase:firebase-database:20.1.0] AndroidManifest.xml:31:13-33:85
97                android:name="com.google.firebase.components:com.google.firebase.database.DatabaseRegistrar"
97-->[com.google.firebase:firebase-database:20.1.0] AndroidManifest.xml:32:17-109
98                android:value="com.google.firebase.components.ComponentRegistrar" />
98-->[com.google.firebase:firebase-database:20.1.0] AndroidManifest.xml:33:17-82
99            <meta-data
99-->[com.google.android.gms:play-services-measurement-api:21.2.0] AndroidManifest.xml:31:13-33:85
100                android:name="com.google.firebase.components:com.google.firebase.analytics.connector.internal.AnalyticsConnectorRegistrar"
100-->[com.google.android.gms:play-services-measurement-api:21.2.0] AndroidManifest.xml:32:17-139
101                android:value="com.google.firebase.components.ComponentRegistrar" />
101-->[com.google.android.gms:play-services-measurement-api:21.2.0] AndroidManifest.xml:33:17-82
102            <meta-data
102-->[com.google.firebase:firebase-installations:17.1.0] AndroidManifest.xml:17:13-19:85
103                android:name="com.google.firebase.components:com.google.firebase.installations.FirebaseInstallationsRegistrar"
103-->[com.google.firebase:firebase-installations:17.1.0] AndroidManifest.xml:18:17-127
104                android:value="com.google.firebase.components.ComponentRegistrar" />
104-->[com.google.firebase:firebase-installations:17.1.0] AndroidManifest.xml:19:17-82
105        </service>
106
107        <provider
107-->[com.google.firebase:firebase-common:20.2.0] AndroidManifest.xml:25:9-30:39
108            android:name="com.google.firebase.provider.FirebaseInitProvider"
108-->[com.google.firebase:firebase-common:20.2.0] AndroidManifest.xml:26:13-77
109            android:authorities="com.lectures.finalproject.firebaseinitprovider"
109-->[com.google.firebase:firebase-common:20.2.0] AndroidManifest.xml:27:13-72
110            android:directBootAware="true"
110-->[com.google.firebase:firebase-common:20.2.0] AndroidManifest.xml:28:13-43
111            android:exported="false"
111-->[com.google.firebase:firebase-common:20.2.0] AndroidManifest.xml:29:13-37
112            android:initOrder="100" />
112-->[com.google.firebase:firebase-common:20.2.0] AndroidManifest.xml:30:13-36
113
114        <receiver
114-->[com.google.android.gms:play-services-measurement:21.2.0] AndroidManifest.xml:29:9-33:20
115            android:name="com.google.android.gms.measurement.AppMeasurementReceiver"
115-->[com.google.android.gms:play-services-measurement:21.2.0] AndroidManifest.xml:30:13-85
116            android:enabled="true"
116-->[com.google.android.gms:play-services-measurement:21.2.0] AndroidManifest.xml:31:13-35
117            android:exported="false" >
117-->[com.google.android.gms:play-services-measurement:21.2.0] AndroidManifest.xml:32:13-37
118        </receiver>
119
120        <service
120-->[com.google.android.gms:play-services-measurement:21.2.0] AndroidManifest.xml:35:9-38:40
121            android:name="com.google.android.gms.measurement.AppMeasurementService"
121-->[com.google.android.gms:play-services-measurement:21.2.0] AndroidManifest.xml:36:13-84
122            android:enabled="true"
122-->[com.google.android.gms:play-services-measurement:21.2.0] AndroidManifest.xml:37:13-35
123            android:exported="false" />
123-->[com.google.android.gms:play-services-measurement:21.2.0] AndroidManifest.xml:38:13-37
124        <service
124-->[com.google.android.gms:play-services-measurement:21.2.0] AndroidManifest.xml:39:9-43:72
125            android:name="com.google.android.gms.measurement.AppMeasurementJobService"
125-->[com.google.android.gms:play-services-measurement:21.2.0] AndroidManifest.xml:40:13-87
126            android:enabled="true"
126-->[com.google.android.gms:play-services-measurement:21.2.0] AndroidManifest.xml:41:13-35
127            android:exported="false"
127-->[com.google.android.gms:play-services-measurement:21.2.0] AndroidManifest.xml:42:13-37
128            android:permission="android.permission.BIND_JOB_SERVICE" />
128-->[com.google.android.gms:play-services-measurement:21.2.0] AndroidManifest.xml:43:13-69
129
130        <activity
130-->[com.google.android.gms:play-services-base:18.0.1] AndroidManifest.xml:20:9-22:45
131            android:name="com.google.android.gms.common.api.GoogleApiActivity"
131-->[com.google.android.gms:play-services-base:18.0.1] AndroidManifest.xml:20:19-85
132            android:exported="false"
132-->[com.google.android.gms:play-services-base:18.0.1] AndroidManifest.xml:22:19-43
133            android:theme="@android:style/Theme.Translucent.NoTitleBar" />
133-->[com.google.android.gms:play-services-base:18.0.1] AndroidManifest.xml:21:19-78
134
135        <meta-data
135-->[com.google.android.gms:play-services-basement:18.1.0] AndroidManifest.xml:21:9-23:69
136            android:name="com.google.android.gms.version"
136-->[com.google.android.gms:play-services-basement:18.1.0] AndroidManifest.xml:22:13-58
137            android:value="@integer/google_play_services_version" />
137-->[com.google.android.gms:play-services-basement:18.1.0] AndroidManifest.xml:23:13-66
138
139        <provider
139-->[androidx.emoji2:emoji2:1.2.0] AndroidManifest.xml:24:9-32:20
140            android:name="androidx.startup.InitializationProvider"
140-->[androidx.emoji2:emoji2:1.2.0] AndroidManifest.xml:25:13-67
141            android:authorities="com.lectures.finalproject.androidx-startup"
141-->[androidx.emoji2:emoji2:1.2.0] AndroidManifest.xml:26:13-68
142            android:exported="false" >
142-->[androidx.emoji2:emoji2:1.2.0] AndroidManifest.xml:27:13-37
143            <meta-data
143-->[androidx.emoji2:emoji2:1.2.0] AndroidManifest.xml:29:13-31:52
144                android:name="androidx.emoji2.text.EmojiCompatInitializer"
144-->[androidx.emoji2:emoji2:1.2.0] AndroidManifest.xml:30:17-75
145                android:value="androidx.startup" />
145-->[androidx.emoji2:emoji2:1.2.0] AndroidManifest.xml:31:17-49
146            <meta-data
146-->[androidx.lifecycle:lifecycle-process:2.4.1] AndroidManifest.xml:31:13-33:52
147                android:name="androidx.lifecycle.ProcessLifecycleInitializer"
147-->[androidx.lifecycle:lifecycle-process:2.4.1] AndroidManifest.xml:32:17-78
148                android:value="androidx.startup" />
148-->[androidx.lifecycle:lifecycle-process:2.4.1] AndroidManifest.xml:33:17-49
149        </provider>
150
151        <uses-library
151-->[androidx.window:window:1.0.0] AndroidManifest.xml:25:9-27:40
152            android:name="androidx.window.extensions"
152-->[androidx.window:window:1.0.0] AndroidManifest.xml:26:13-54
153            android:required="false" />
153-->[androidx.window:window:1.0.0] AndroidManifest.xml:27:13-37
154        <uses-library
154-->[androidx.window:window:1.0.0] AndroidManifest.xml:28:9-30:40
155            android:name="androidx.window.sidecar"
155-->[androidx.window:window:1.0.0] AndroidManifest.xml:29:13-51
156            android:required="false" />
156-->[androidx.window:window:1.0.0] AndroidManifest.xml:30:13-37
157    </application>
158
159</manifest>